# JRE version: OpenJDK Runtime Environment (8.0_202-b03) (build 1.8.0_202-release-1483-b03)
# Java VM: OpenJDK 64-Bit Server VM (25.202-b03 mixed mode windows-amd64 compressed oops)
Heap:
 PSYoungGen      total 141824K, used 7954K [0x00000000e0000000, 0x00000000eb980000, 0x0000000100000000)
  eden space 124928K, 6% used [0x00000000e0000000,0x00000000e07c4b28,0x00000000e7a00000)
  from space 16896K, 0% used [0x00000000e7a00000,0x00000000e7a00000,0x00000000e8a80000)
  to   space 18432K, 0% used [0x00000000ea780000,0x00000000ea780000,0x00000000eb980000)
 ParOldGen       total 272896K, used 30593K [0x00000000a0000000, 0x00000000b0a80000, 0x00000000e0000000)
  object space 272896K, 11% used [0x00000000a0000000,0x00000000a1de05d8,0x00000000b0a80000)
 Metaspace       used 56692K, capacity 58208K, committed 59224K, reserved 1099776K
  class space    used 7720K, capacity 8121K, committed 8320K, reserved 1048576K
GC Heap History (10 events):
Event: 7.988 GC heap before
{Heap before GC invocations=8 (full 2):
 PSYoungGen      total 109056K, used 10512K [0x00000000e0000000, 0x00000000e7780000, 0x0000000100000000)
  eden space 96768K, 0% used [0x00000000e0000000,0x00000000e0000000,0x00000000e5e80000)
  from space 12288K, 85% used [0x00000000e6b00000,0x00000000e7544150,0x00000000e7700000)
  to   space 12800K, 0% used [0x00000000e5e80000,0x00000000e5e80000,0x00000000e6b00000)
 ParOldGen       total 111616K, used 11106K [0x00000000a0000000, 0x00000000a6d00000, 0x00000000e0000000)
  object space 111616K, 9% used [0x00000000a0000000,0x00000000a0ad8848,0x00000000a6d00000)
 Metaspace       used 34690K, capacity 35250K, committed 35416K, reserved 1079296K
  class space    used 4753K, capacity 4934K, committed 4992K, reserved 1048576K
Event: 8.111 GC heap after
Heap after GC invocations=8 (full 2):
 PSYoungGen      total 109056K, used 0K [0x00000000e0000000, 0x00000000e7780000, 0x0000000100000000)
  eden space 96768K, 0% used [0x00000000e0000000,0x00000000e0000000,0x00000000e5e80000)
  from space 12288K, 0% used [0x00000000e6b00000,0x00000000e6b00000,0x00000000e7700000)
  to   space 12800K, 0% used [0x00000000e5e80000,0x00000000e5e80000,0x00000000e6b00000)
 ParOldGen       total 184832K, used 17064K [0x00000000a0000000, 0x00000000ab480000, 0x00000000e0000000)
  object space 184832K, 9% used [0x00000000a0000000,0x00000000a10aa068,0x00000000ab480000)
 Metaspace       used 34689K, capacity 35244K, committed 35416K, reserved 1079296K
  class space    used 4752K, capacity 4933K, committed 4992K, reserved 1048576K
}
Event: 9.422 GC heap before
{Heap before GC invocations=9 (full 2):
 PSYoungGen      total 109056K, used 96768K [0x00000000e0000000, 0x00000000e7780000, 0x0000000100000000)
  eden space 96768K, 100% used [0x00000000e0000000,0x00000000e5e80000,0x00000000e5e80000)
  from space 12288K, 0% used [0x00000000e6b00000,0x00000000e6b00000,0x00000000e7700000)
  to   space 12800K, 0% used [0x00000000e5e80000,0x00000000e5e80000,0x00000000e6b00000)
 ParOldGen       total 184832K, used 17064K [0x00000000a0000000, 0x00000000ab480000, 0x00000000e0000000)
  object space 184832K, 9% used [0x00000000a0000000,0x00000000a10aa068,0x00000000ab480000)
 Metaspace       used 44741K, capacity 45546K, committed 45912K, reserved 1089536K
  class space    used 6001K, capacity 6209K, committed 6272K, reserved 1048576K
Event: 9.433 GC heap after
Heap after GC invocations=9 (full 2):
 PSYoungGen      total 109568K, used 12797K [0x00000000e0000000, 0x00000000e9880000, 0x0000000100000000)
  eden space 96768K, 0% used [0x00000000e0000000,0x00000000e0000000,0x00000000e5e80000)
  from space 12800K, 99% used [0x00000000e5e80000,0x00000000e6aff5b0,0x00000000e6b00000)
  to   space 14336K, 0% used [0x00000000e8a80000,0x00000000e8a80000,0x00000000e9880000)
 ParOldGen       total 184832K, used 17193K [0x00000000a0000000, 0x00000000ab480000, 0x00000000e0000000)
  object space 184832K, 9% used [0x00000000a0000000,0x00000000a10ca790,0x00000000ab480000)
 Metaspace       used 44741K, capacity 45546K, committed 45912K, reserved 1089536K
  class space    used 6001K, capacity 6209K, committed 6272K, reserved 1048576K
}
Event: 10.774 GC heap before
{Heap before GC invocations=10 (full 2):
 PSYoungGen      total 109568K, used 109565K [0x00000000e0000000, 0x00000000e9880000, 0x0000000100000000)
  eden space 96768K, 100% used [0x00000000e0000000,0x00000000e5e80000,0x00000000e5e80000)
  from space 12800K, 99% used [0x00000000e5e80000,0x00000000e6aff5b0,0x00000000e6b00000)
  to   space 14336K, 0% used [0x00000000e8a80000,0x00000000e8a80000,0x00000000e9880000)
 ParOldGen       total 184832K, used 17193K [0x00000000a0000000, 0x00000000ab480000, 0x00000000e0000000)
  object space 184832K, 9% used [0x00000000a0000000,0x00000000a10ca790,0x00000000ab480000)
 Metaspace       used 52204K, capacity 53548K, committed 53720K, reserved 1095680K
  class space    used 7081K, capacity 7399K, committed 7424K, reserved 1048576K
Event: 10.791 GC heap after
Heap after GC invocations=10 (full 2):
 PSYoungGen      total 139264K, used 14318K [0x00000000e0000000, 0x00000000e9f80000, 0x0000000100000000)
  eden space 124928K, 0% used [0x00000000e0000000,0x00000000e0000000,0x00000000e7a00000)
  from space 14336K, 99% used [0x00000000e8a80000,0x00000000e987ba68,0x00000000e9880000)
  to   space 16896K, 0% used [0x00000000e7a00000,0x00000000e7a00000,0x00000000e8a80000)
 ParOldGen       total 184832K, used 19843K [0x00000000a0000000, 0x00000000ab480000, 0x00000000e0000000)
  object space 184832K, 10% used [0x00000000a0000000,0x00000000a1360c80,0x00000000ab480000)
 Metaspace       used 52204K, capacity 53548K, committed 53720K, reserved 1095680K
  class space    used 7081K, capacity 7399K, committed 7424K, reserved 1048576K
}
Event: 11.911 GC heap before
{Heap before GC invocations=11 (full 2):
 PSYoungGen      total 139264K, used 75991K [0x00000000e0000000, 0x00000000e9f80000, 0x0000000100000000)
  eden space 124928K, 49% used [0x00000000e0000000,0x00000000e3c3a1b8,0x00000000e7a00000)
  from space 14336K, 99% used [0x00000000e8a80000,0x00000000e987ba68,0x00000000e9880000)
  to   space 16896K, 0% used [0x00000000e7a00000,0x00000000e7a00000,0x00000000e8a80000)
 ParOldGen       total 184832K, used 19843K [0x00000000a0000000, 0x00000000ab480000, 0x00000000e0000000)
  object space 184832K, 10% used [0x00000000a0000000,0x00000000a1360c80,0x00000000ab480000)
 Metaspace       used 56914K, capacity 58850K, committed 58968K, reserved 1099776K
  class space    used 7792K, capacity 8252K, committed 8320K, reserved 1048576K
Event: 11.929 GC heap after
Heap after GC invocations=11 (full 2):
 PSYoungGen      total 141824K, used 16344K [0x00000000e0000000, 0x00000000eb980000, 0x0000000100000000)
  eden space 124928K, 0% used [0x00000000e0000000,0x00000000e0000000,0x00000000e7a00000)
  from space 16896K, 96% used [0x00000000e7a00000,0x00000000e89f6158,0x00000000e8a80000)
  to   space 18432K, 0% used [0x00000000ea780000,0x00000000ea780000,0x00000000eb980000)
 ParOldGen       total 184832K, used 19915K [0x00000000a0000000, 0x00000000ab480000, 0x00000000e0000000)
  object space 184832K, 10% used [0x00000000a0000000,0x00000000a1372c90,0x00000000ab480000)
 Metaspace       used 56914K, capacity 58850K, committed 58968K, reserved 1099776K
  class space    used 7792K, capacity 8252K, committed 8320K, reserved 1048576K
}
Event: 11.929 GC heap before
{Heap before GC invocations=12 (full 3):
 PSYoungGen      total 141824K, used 16344K [0x00000000e0000000, 0x00000000eb980000, 0x0000000100000000)
  eden space 124928K, 0% used [0x00000000e0000000,0x00000000e0000000,0x00000000e7a00000)
  from space 16896K, 96% used [0x00000000e7a00000,0x00000000e89f6158,0x00000000e8a80000)
  to   space 18432K, 0% used [0x00000000ea780000,0x00000000ea780000,0x00000000eb980000)
 ParOldGen       total 184832K, used 19915K [0x00000000a0000000, 0x00000000ab480000, 0x00000000e0000000)
  object space 184832K, 10% used [0x00000000a0000000,0x00000000a1372c90,0x00000000ab480000)
 Metaspace       used 56914K, capacity 58850K, committed 58968K, reserved 1099776K
  class space    used 7792K, capacity 8252K, committed 8320K, reserved 1048576K
Event: 12.150 GC heap after
Heap after GC invocations=12 (full 3):
 PSYoungGen      total 141824K, used 0K [0x00000000e0000000, 0x00000000eb980000, 0x0000000100000000)
  eden space 124928K, 0% used [0x00000000e0000000,0x00000000e0000000,0x00000000e7a00000)
  from space 16896K, 0% used [0x00000000e7a00000,0x00000000e7a00000,0x00000000e8a80000)
  to   space 18432K, 0% used [0x00000000ea780000,0x00000000ea780000,0x00000000eb980000)
 ParOldGen       total 272896K, used 30593K [0x00000000a0000000, 0x00000000b0a80000, 0x00000000e0000000)
  object space 272896K, 11% used [0x00000000a0000000,0x00000000a1de05d8,0x00000000b0a80000)
 Metaspace       used 56673K, capacity 58144K, committed 58968K, reserved 1099776K
  class space    used 7718K, capacity 8121K, committed 8320K, reserved 1048576K
}

